#
# There is insufficient memory for the Java Runtime Environment to continue.
# Native memory allocation (malloc) failed to allocate 277296 bytes for Chunk::new
# Possible reasons:
#   The system is out of physical RAM or swap space
#   The process is running with CompressedOops enabled, and the Java Heap may be blocking the growth of the native heap
# Possible solutions:
#   Reduce memory load on the system
#   Increase physical memory or swap space
#   Check if swap backing store is full
#   Decrease Java heap size (-Xmx/-Xms)
#   Decrease number of Java threads
#   Decrease Java thread stack sizes (-Xss)
#   Set larger code cache with -XX:ReservedCodeCacheSize=
#   JVM is running with Unscaled Compressed Oops mode in which the Java heap is
#     placed in the first 4GB address space. The Java Heap base address is the
#     maximum limit for the native heap growth. Please use -XX:HeapBaseMinAddress
#     to set the Java Heap base and to place the Java Heap above 4GB virtual address.
# This output file may be truncated or incomplete.
#
#  Out of Memory Error (arena.cpp:197), pid=7996, tid=13424
#
# JRE version: OpenJDK Runtime Environment Temurin-11.0.29+7 (11.0.29+7) (build 11.0.29+7)
# Java VM: OpenJDK 64-Bit Server VM Temurin-11.0.29+7 (11.0.29+7, mixed mode, tiered, compressed oops, g1 gc, windows-amd64)
# No core dump will be written. Minidumps are not enabled by default on client versions of Windows
#

---------------  S U M M A R Y ------------

Command Line: -DwatchParentProcess=false -XX:+ExitOnOutOfMemoryError -XX:+HeapDumpOnOutOfMemoryError -XX:HeapDumpPath=c:\Users\HP\AppData\Roaming\Code\User\globalStorage\redhat.vscode-xml -Xverify:none -Xmx64M org.eclipse.lemminx.XMLServerLauncher

Host: Intel(R) Core(TM) i5-6200U CPU @ 2.30GHz, 4 cores, 3G,  Windows 10 , 64 bit Build 19041 (10.0.19041.5915)
Time: Sun Feb  1 21:33:38 2026 India Standard Time elapsed time: 1.423688 seconds (0d 0h 0m 1s)

---------------  T H R E A D  ---------------

Current thread (0x0000022867241800):  JavaThread "C2 CompilerThread0" daemon [_thread_in_native, id=13424, stack(0x0000003268900000,0x0000003268a00000)]


Current CompileTask:
C2:   1423  722       4       jdk.internal.org.objectweb.asm.Item::set (219 bytes)

Stack: [0x0000003268900000,0x0000003268a00000]
Native frames: (J=compiled Java code, j=interpreted, Vv=VM code, C=native code)
V  [jvm.dll+0x6449fa]
V  [jvm.dll+0x7d7449]
V  [jvm.dll+0x7d8b29]
V  [jvm.dll+0x7d9223]
V  [jvm.dll+0x269105]
V  [jvm.dll+0xc275c]
V  [jvm.dll+0xc2d6c]
V  [jvm.dll+0x3786c1]
V  [jvm.dll+0x343185]
V  [jvm.dll+0x34254a]
V  [jvm.dll+0x2212ad]
V  [jvm.dll+0x2202d3]
V  [jvm.dll+0x19e021]
V